# JRE version: Java(TM) SE Runtime Environment (8.0_201-b09) (build 1.8.0_201-b09)
# Java VM: Java HotSpot(TM) 64-Bit Server VM (25.201-b09 mixed mode windows-amd64 compressed oops)
Heap:
 PSYoungGen      total 21504K, used 17926K [0x00000000eb500000, 0x00000000ed480000, 0x0000000100000000)
  eden space 19968K, 83% used [0x00000000eb500000,0x00000000ec558998,0x00000000ec880000)
  from space 1536K, 77% used [0x00000000ec900000,0x00000000eca28fb0,0x00000000eca80000)
  to   space 6144K, 0% used [0x00000000ece80000,0x00000000ece80000,0x00000000ed480000)
 ParOldGen       total 44032K, used 14754K [0x00000000c1e00000, 0x00000000c4900000, 0x00000000eb500000)
  object space 44032K, 33% used [0x00000000c1e00000,0x00000000c2c68aa8,0x00000000c4900000)
 Metaspace       used 15690K, capacity 16186K, committed 16384K, reserved 1062912K
  class space    used 1816K, capacity 1970K, committed 2048K, reserved 1048576K
GC Heap History (10 events):
Event: 7.692 GC heap before
{Heap before GC invocations=7 (full 0):
 PSYoungGen      total 29184K, used 25760K [0x00000000eb500000, 0x00000000ee200000, 0x0000000100000000)
  eden space 22528K, 100% used [0x00000000eb500000,0x00000000ecb00000,0x00000000ecb00000)
  from space 6656K, 48% used [0x00000000ed180000,0x00000000ed4a8000,0x00000000ed800000)
  to   space 6656K, 0% used [0x00000000ecb00000,0x00000000ecb00000,0x00000000ed180000)
 ParOldGen       total 44032K, used 8360K [0x00000000c1e00000, 0x00000000c4900000, 0x00000000eb500000)
  object space 44032K, 18% used [0x00000000c1e00000,0x00000000c262a228,0x00000000c4900000)
 Metaspace       used 12876K, capacity 13142K, committed 13440K, reserved 1060864K
  class space    used 1545K, capacity 1621K, committed 1664K, reserved 1048576K
Event: 7.697 GC heap after
Heap after GC invocations=7 (full 0):
 PSYoungGen      total 25600K, used 3376K [0x00000000eb500000, 0x00000000ed780000, 0x0000000100000000)
  eden space 22016K, 0% used [0x00000000eb500000,0x00000000eb500000,0x00000000eca80000)
  from space 3584K, 94% used [0x00000000ecb00000,0x00000000ece4c030,0x00000000ece80000)
  to   space 6656K, 0% used [0x00000000ed100000,0x00000000ed100000,0x00000000ed780000)
 ParOldGen       total 44032K, used 9160K [0x00000000c1e00000, 0x00000000c4900000, 0x00000000eb500000)
  object space 44032K, 20% used [0x00000000c1e00000,0x00000000c26f2278,0x00000000c4900000)
 Metaspace       used 12876K, capacity 13142K, committed 13440K, reserved 1060864K
  class space    used 1545K, capacity 1621K, committed 1664K, reserved 1048576K
}
Event: 10.819 GC heap before
{Heap before GC invocations=8 (full 0):
 PSYoungGen      total 25600K, used 25392K [0x00000000eb500000, 0x00000000ed780000, 0x0000000100000000)
  eden space 22016K, 100% used [0x00000000eb500000,0x00000000eca80000,0x00000000eca80000)
  from space 3584K, 94% used [0x00000000ecb00000,0x00000000ece4c030,0x00000000ece80000)
  to   space 6656K, 0% used [0x00000000ed100000,0x00000000ed100000,0x00000000ed780000)
 ParOldGen       total 44032K, used 9160K [0x00000000c1e00000, 0x00000000c4900000, 0x00000000eb500000)
  object space 44032K, 20% used [0x00000000c1e00000,0x00000000c26f2278,0x00000000c4900000)
 Metaspace       used 13010K, capacity 13334K, committed 13440K, reserved 1060864K
  class space    used 1547K, capacity 1621K, committed 1664K, reserved 1048576K
Event: 10.823 GC heap after
Heap after GC invocations=8 (full 0):
 PSYoungGen      total 26624K, used 3328K [0x00000000eb500000, 0x00000000ed600000, 0x0000000100000000)
  eden space 21504K, 0% used [0x00000000eb500000,0x00000000eb500000,0x00000000eca00000)
  from space 5120K, 65% used [0x00000000ed100000,0x00000000ed440000,0x00000000ed600000)
  to   space 6144K, 0% used [0x00000000eca00000,0x00000000eca00000,0x00000000ed000000)
 ParOldGen       total 44032K, used 10002K [0x00000000c1e00000, 0x00000000c4900000, 0x00000000eb500000)
  object space 44032K, 22% used [0x00000000c1e00000,0x00000000c27c4aa8,0x00000000c4900000)
 Metaspace       used 13010K, capacity 13334K, committed 13440K, reserved 1060864K
  class space    used 1547K, capacity 1621K, committed 1664K, reserved 1048576K
}
Event: 12.777 GC heap before
{Heap before GC invocations=9 (full 0):
 PSYoungGen      total 26624K, used 24832K [0x00000000eb500000, 0x00000000ed600000, 0x0000000100000000)
  eden space 21504K, 100% used [0x00000000eb500000,0x00000000eca00000,0x00000000eca00000)
  from space 5120K, 65% used [0x00000000ed100000,0x00000000ed440000,0x00000000ed600000)
  to   space 6144K, 0% used [0x00000000eca00000,0x00000000eca00000,0x00000000ed000000)
 ParOldGen       total 44032K, used 10002K [0x00000000c1e00000, 0x00000000c4900000, 0x00000000eb500000)
  object space 44032K, 22% used [0x00000000c1e00000,0x00000000c27c4aa8,0x00000000c4900000)
 Metaspace       used 13323K, capacity 13652K, committed 13696K, reserved 1060864K
  class space    used 1573K, capacity 1662K, committed 1664K, reserved 1048576K
Event: 12.781 GC heap after
Heap after GC invocations=9 (full 0):
 PSYoungGen      total 24064K, used 2848K [0x00000000eb500000, 0x00000000ed580000, 0x0000000100000000)
  eden space 20992K, 0% used [0x00000000eb500000,0x00000000eb500000,0x00000000ec980000)
  from space 3072K, 92% used [0x00000000eca00000,0x00000000eccc8000,0x00000000ecd00000)
  to   space 6144K, 0% used [0x00000000ecf80000,0x00000000ecf80000,0x00000000ed580000)
 ParOldGen       total 44032K, used 11402K [0x00000000c1e00000, 0x00000000c4900000, 0x00000000eb500000)
  object space 44032K, 25% used [0x00000000c1e00000,0x00000000c2922aa8,0x00000000c4900000)
 Metaspace       used 13323K, capacity 13652K, committed 13696K, reserved 1060864K
  class space    used 1573K, capacity 1662K, committed 1664K, reserved 1048576K
}
Event: 18.068 GC heap before
{Heap before GC invocations=10 (full 0):
 PSYoungGen      total 24064K, used 23840K [0x00000000eb500000, 0x00000000ed580000, 0x0000000100000000)
  eden space 20992K, 100% used [0x00000000eb500000,0x00000000ec980000,0x00000000ec980000)
  from space 3072K, 92% used [0x00000000eca00000,0x00000000eccc8000,0x00000000ecd00000)
  to   space 6144K, 0% used [0x00000000ecf80000,0x00000000ecf80000,0x00000000ed580000)
 ParOldGen       total 44032K, used 11402K [0x00000000c1e00000, 0x00000000c4900000, 0x00000000eb500000)
  object space 44032K, 25% used [0x00000000c1e00000,0x00000000c2922aa8,0x00000000c4900000)
 Metaspace       used 14139K, capacity 14476K, committed 14592K, reserved 1062912K
  class space    used 1670K, capacity 1766K, committed 1792K, reserved 1048576K
Event: 18.072 GC heap after
Heap after GC invocations=10 (full 0):
 PSYoungGen      total 26112K, used 2936K [0x00000000eb500000, 0x00000000ed500000, 0x0000000100000000)
  eden space 20480K, 0% used [0x00000000eb500000,0x00000000eb500000,0x00000000ec900000)
  from space 5632K, 52% used [0x00000000ecf80000,0x00000000ed25e070,0x00000000ed500000)
  to   space 6144K, 0% used [0x00000000ec900000,0x00000000ec900000,0x00000000ecf00000)
 ParOldGen       total 44032K, used 13090K [0x00000000c1e00000, 0x00000000c4900000, 0x00000000eb500000)
  object space 44032K, 29% used [0x00000000c1e00000,0x00000000c2ac8aa8,0x00000000c4900000)
 Metaspace       used 14139K, capacity 14476K, committed 14592K, reserved 1062912K
  class space    used 1670K, capacity 1766K, committed 1792K, reserved 1048576K
}
Event: 21.711 GC heap before
{Heap before GC invocations=11 (full 0):
 PSYoungGen      total 26112K, used 23416K [0x00000000eb500000, 0x00000000ed500000, 0x0000000100000000)
  eden space 20480K, 100% used [0x00000000eb500000,0x00000000ec900000,0x00000000ec900000)
  from space 5632K, 52% used [0x00000000ecf80000,0x00000000ed25e070,0x00000000ed500000)
  to   space 6144K, 0% used [0x00000000ec900000,0x00000000ec900000,0x00000000ecf00000)
 ParOldGen       total 44032K, used 13090K [0x00000000c1e00000, 0x00000000c4900000, 0x00000000eb500000)
  object space 44032K, 29% used [0x00000000c1e00000,0x00000000c2ac8aa8,0x00000000c4900000)
 Metaspace       used 14606K, capacity 15042K, committed 15232K, reserved 1062912K
  class space    used 1698K, capacity 1807K, committed 1920K, reserved 1048576K
Event: 21.719 GC heap after
Heap after GC invocations=11 (full 0):
 PSYoungGen      total 21504K, used 1187K [0x00000000eb500000, 0x00000000ed480000, 0x0000000100000000)
  eden space 19968K, 0% used [0x00000000eb500000,0x00000000eb500000,0x00000000ec880000)
  from space 1536K, 77% used [0x00000000ec900000,0x00000000eca28fb0,0x00000000eca80000)
  to   space 6144K, 0% used [0x00000000ece80000,0x00000000ece80000,0x00000000ed480000)
 ParOldGen       total 44032K, used 14754K [0x00000000c1e00000, 0x00000000c4900000, 0x00000000eb500000)
  object space 44032K, 33% used [0x00000000c1e00000,0x00000000c2c68aa8,0x00000000c4900000)
 Metaspace       used 14606K, capacity 15042K, committed 15232K, reserved 1062912K
  class space    used 1698K, capacity 1807K, committed 1920K, reserved 1048576K
}

